{"/var/www/finance-manager.clodhost.com/backend/database.js": {"path":"/var/www/finance-manager.clodhost.com/backend/database.js","statementMap":{"0":{"start":{"line":1,"column":17},"end":{"line":1,"column":42}},"1":{"start":{"line":2,"column":13},"end":{"line":2,"column":28}},"2":{"start":{"line":4,"column":16},"end":{"line":4,"column":62}},"3":{"start":{"line":5,"column":11},"end":{"line":5,"column":32}},"4":{"start":{"line":8,"column":0},"end":{"line":8,"column":32}},"5":{"start":{"line":9,"column":0},"end":{"line":9,"column":31}},"6":{"start":{"line":12,"column":0},"end":{"line":12,"column":10}},"7":{"start":{"line":16,"column":2},"end":{"line":22,"column":5}},"8":{"start":{"line":25,"column":2},"end":{"line":36,"column":5}},"9":{"start":{"line":37,"column":2},"end":{"line":37,"column":89}},"10":{"start":{"line":40,"column":2},"end":{"line":59,"column":5}},"11":{"start":{"line":60,"column":2},"end":{"line":60,"column":93}},"12":{"start":{"line":61,"column":2},"end":{"line":61,"column":84}},"13":{"start":{"line":62,"column":2},"end":{"line":62,"column":95}},"14":{"start":{"line":65,"column":2},"end":{"line":76,"column":5}},"15":{"start":{"line":77,"column":2},"end":{"line":77,"column":83}},"16":{"start":{"line":80,"column":2},"end":{"line":91,"column":5}},"17":{"start":{"line":92,"column":2},"end":{"line":92,"column":79}},"18":{"start":{"line":95,"column":2},"end":{"line":103,"column":5}},"19":{"start":{"line":106,"column":2},"end":{"line":114,"column":5}},"20":{"start":{"line":117,"column":2},"end":{"line":124,"column":5}},"21":{"start":{"line":127,"column":2},"end":{"line":134,"column":5}},"22":{"start":{"line":137,"column":2},"end":{"line":143,"column":5}},"23":{"start":{"line":146,"column":2},"end":{"line":157,"column":5}},"24":{"start":{"line":158,"column":2},"end":{"line":158,"column":85}},"25":{"start":{"line":160,"column":2},"end":{"line":175,"column":5}},"26":{"start":{"line":176,"column":2},"end":{"line":176,"column":100}},"27":{"start":{"line":179,"column":2},"end":{"line":181,"column":3}},"28":{"start":{"line":180,"column":4},"end":{"line":180,"column":107}},"29":{"start":{"line":180,"column":10},"end":{"line":180,"column":93}},"30":{"start":{"line":182,"column":2},"end":{"line":184,"column":3}},"31":{"start":{"line":183,"column":4},"end":{"line":183,"column":109}},"32":{"start":{"line":183,"column":10},"end":{"line":183,"column":95}},"33":{"start":{"line":185,"column":2},"end":{"line":187,"column":3}},"34":{"start":{"line":186,"column":4},"end":{"line":186,"column":104}},"35":{"start":{"line":186,"column":10},"end":{"line":186,"column":90}},"36":{"start":{"line":188,"column":2},"end":{"line":190,"column":3}},"37":{"start":{"line":189,"column":4},"end":{"line":189,"column":102}},"38":{"start":{"line":189,"column":10},"end":{"line":189,"column":88}},"39":{"start":{"line":191,"column":2},"end":{"line":193,"column":3}},"40":{"start":{"line":192,"column":4},"end":{"line":192,"column":96}},"41":{"start":{"line":192,"column":10},"end":{"line":192,"column":82}},"42":{"start":{"line":196,"column":2},"end":{"line":200,"column":3}},"43":{"start":{"line":197,"column":4},"end":{"line":199,"column":17}},"44":{"start":{"line":198,"column":6},"end":{"line":198,"column":98}},"45":{"start":{"line":203,"column":2},"end":{"line":205,"column":3}},"46":{"start":{"line":204,"column":4},"end":{"line":204,"column":104}},"47":{"start":{"line":204,"column":10},"end":{"line":204,"column":90}},"48":{"start":{"line":208,"column":23},"end":{"line":208,"column":77}},"49":{"start":{"line":209,"column":2},"end":{"line":211,"column":3}},"50":{"start":{"line":210,"column":4},"end":{"line":210,"column":86}},"51":{"start":{"line":214,"column":19},"end":{"line":214,"column":96}},"52":{"start":{"line":215,"column":2},"end":{"line":236,"column":3}},"53":{"start":{"line":216,"column":22},"end":{"line":218,"column":5}},"54":{"start":{"line":219,"column":21},"end":{"line":234,"column":5}},"55":{"start":{"line":235,"column":4},"end":{"line":235,"column":53}},"56":{"start":{"line":235,"column":30},"end":{"line":235,"column":53}},"57":{"start":{"line":239,"column":20},"end":{"line":239,"column":71}},"58":{"start":{"line":240,"column":2},"end":{"line":245,"column":3}},"59":{"start":{"line":242,"column":19},"end":{"line":242,"column":36}},"60":{"start":{"line":243,"column":25},"end":{"line":243,"column":52}},"61":{"start":{"line":244,"column":4},"end":{"line":244,"column":102}},"62":{"start":{"line":248,"column":18},"end":{"line":248,"column":97}},"63":{"start":{"line":249,"column":2},"end":{"line":281,"column":3}},"64":{"start":{"line":250,"column":21},"end":{"line":252,"column":5}},"65":{"start":{"line":253,"column":16},"end":{"line":253,"column":26}},"66":{"start":{"line":255,"column":17},"end":{"line":255,"column":19}},"67":{"start":{"line":256,"column":4},"end":{"line":256,"column":116}},"68":{"start":{"line":256,"column":92},"end":{"line":256,"column":112}},"69":{"start":{"line":258,"column":20},"end":{"line":274,"column":5}},"70":{"start":{"line":276,"column":4},"end":{"line":280,"column":5}},"71":{"start":{"line":277,"column":16},"end":{"line":277,"column":29}},"72":{"start":{"line":278,"column":6},"end":{"line":278,"column":39}},"73":{"start":{"line":279,"column":6},"end":{"line":279,"column":100}},"74":{"start":{"line":285,"column":2},"end":{"line":290,"column":3}},"75":{"start":{"line":286,"column":4},"end":{"line":286,"column":65}},"76":{"start":{"line":287,"column":4},"end":{"line":287,"column":16}},"77":{"start":{"line":289,"column":4},"end":{"line":289,"column":17}},"78":{"start":{"line":293,"column":0},"end":{"line":293,"column":20}}},"fnMap":{"0":{"name":"migrate","decl":{"start":{"line":14,"column":9},"end":{"line":14,"column":16}},"loc":{"start":{"line":14,"column":19},"end":{"line":282,"column":1}},"line":14},"1":{"name":"(anonymous_1)","decl":{"start":{"line":256,"column":85},"end":{"line":256,"column":86}},"loc":{"start":{"line":256,"column":90},"end":{"line":256,"column":114}},"line":256},"2":{"name":"columnExists","decl":{"start":{"line":284,"column":9},"end":{"line":284,"column":21}},"loc":{"start":{"line":284,"column":37},"end":{"line":291,"column":1}},"line":284}},"branchMap":{"0":{"loc":{"start":{"line":179,"column":2},"end":{"line":181,"column":3}},"type":"if","locations":[{"start":{"line":179,"column":2},"end":{"line":181,"column":3}},{"start":{},"end":{}}],"line":179},"1":{"loc":{"start":{"line":182,"column":2},"end":{"line":184,"column":3}},"type":"if","locations":[{"start":{"line":182,"column":2},"end":{"line":184,"column":3}},{"start":{},"end":{}}],"line":182},"2":{"loc":{"start":{"line":185,"column":2},"end":{"line":187,"column":3}},"type":"if","locations":[{"start":{"line":185,"column":2},"end":{"line":187,"column":3}},{"start":{},"end":{}}],"line":185},"3":{"loc":{"start":{"line":188,"column":2},"end":{"line":190,"column":3}},"type":"if","locations":[{"start":{"line":188,"column":2},"end":{"line":190,"column":3}},{"start":{},"end":{}}],"line":188},"4":{"loc":{"start":{"line":191,"column":2},"end":{"line":193,"column":3}},"type":"if","locations":[{"start":{"line":191,"column":2},"end":{"line":193,"column":3}},{"start":{},"end":{}}],"line":191},"5":{"loc":{"start":{"line":196,"column":2},"end":{"line":200,"column":3}},"type":"if","locations":[{"start":{"line":196,"column":2},"end":{"line":200,"column":3}},{"start":{},"end":{}}],"line":196},"6":{"loc":{"start":{"line":203,"column":2},"end":{"line":205,"column":3}},"type":"if","locations":[{"start":{"line":203,"column":2},"end":{"line":205,"column":3}},{"start":{},"end":{}}],"line":203},"7":{"loc":{"start":{"line":209,"column":2},"end":{"line":211,"column":3}},"type":"if","locations":[{"start":{"line":209,"column":2},"end":{"line":211,"column":3}},{"start":{},"end":{}}],"line":209},"8":{"loc":{"start":{"line":215,"column":2},"end":{"line":236,"column":3}},"type":"if","locations":[{"start":{"line":215,"column":2},"end":{"line":236,"column":3}},{"start":{},"end":{}}],"line":215},"9":{"loc":{"start":{"line":240,"column":2},"end":{"line":245,"column":3}},"type":"if","locations":[{"start":{"line":240,"column":2},"end":{"line":245,"column":3}},{"start":{},"end":{}}],"line":240},"10":{"loc":{"start":{"line":249,"column":2},"end":{"line":281,"column":3}},"type":"if","locations":[{"start":{"line":249,"column":2},"end":{"line":281,"column":3}},{"start":{},"end":{}}],"line":249},"11":{"loc":{"start":{"line":279,"column":61},"end":{"line":279,"column":82}},"type":"binary-expr","locations":[{"start":{"line":279,"column":61},"end":{"line":279,"column":74}},{"start":{"line":279,"column":78},"end":{"line":279,"column":82}}],"line":279}},"s":{"0":0,"1":0,"2":0,"3":0,"4":0,"5":0,"6":0,"7":0,"8":0,"9":0,"10":0,"11":0,"12":0,"13":0,"14":0,"15":0,"16":0,"17":0,"18":0,"19":0,"20":0,"21":0,"22":0,"23":0,"24":0,"25":0,"26":0,"27":0,"28":0,"29":0,"30":0,"31":0,"32":0,"33":0,"34":0,"35":0,"36":0,"37":0,"38":0,"39":0,"40":0,"41":0,"42":0,"43":0,"44":0,"45":0,"46":0,"47":0,"48":0,"49":0,"50":0,"51":0,"52":0,"53":0,"54":0,"55":0,"56":0,"57":0,"58":0,"59":0,"60":0,"61":0,"62":0,"63":0,"64":0,"65":0,"66":0,"67":0,"68":0,"69":0,"70":0,"71":0,"72":0,"73":0,"74":0,"75":0,"76":0,"77":0,"78":0},"f":{"0":0,"1":0,"2":0},"b":{"0":[0,0],"1":[0,0],"2":[0,0],"3":[0,0],"4":[0,0],"5":[0,0],"6":[0,0],"7":[0,0],"8":[0,0],"9":[0,0],"10":[0,0],"11":[0,0]}}
,"/var/www/finance-manager.clodhost.com/backend/models/loanCalculator.js": {"path":"/var/www/finance-manager.clodhost.com/backend/models/loanCalculator.js","statementMap":{"0":{"start":{"line":10,"column":2},"end":{"line":10,"column":50}},"1":{"start":{"line":10,"column":24},"end":{"line":10,"column":50}},"2":{"start":{"line":11,"column":12},"end":{"line":11,"column":33}},"3":{"start":{"line":12,"column":2},"end":{"line":12,"column":83}},"4":{"start":{"line":21,"column":22},"end":{"line":21,"column":84}},"5":{"start":{"line":21,"column":54},"end":{"line":21,"column":83}},"6":{"start":{"line":22,"column":28},"end":{"line":22,"column":86}},"7":{"start":{"line":22,"column":68},"end":{"line":22,"column":85}},"8":{"start":{"line":24,"column":19},"end":{"line":24,"column":21}},"9":{"start":{"line":25,"column":16},"end":{"line":25,"column":25}},"10":{"start":{"line":26,"column":19},"end":{"line":26,"column":20}},"11":{"start":{"line":27,"column":22},"end":{"line":27,"column":26}},"12":{"start":{"line":29,"column":2},"end":{"line":85,"column":3}},"13":{"start":{"line":30,"column":4},"end":{"line":30,"column":17}},"14":{"start":{"line":33,"column":22},"end":{"line":33,"column":23}},"15":{"start":{"line":34,"column":4},"end":{"line":40,"column":5}},"16":{"start":{"line":35,"column":6},"end":{"line":39,"column":7}},"17":{"start":{"line":36,"column":8},"end":{"line":38,"column":9}},"18":{"start":{"line":37,"column":10},"end":{"line":37,"column":32}},"19":{"start":{"line":43,"column":23},"end":{"line":43,"column":74}},"20":{"start":{"line":43,"column":51},"end":{"line":43,"column":73}},"21":{"start":{"line":44,"column":25},"end":{"line":44,"column":59}},"22":{"start":{"line":46,"column":28},"end":{"line":46,"column":55}},"23":{"start":{"line":47,"column":4},"end":{"line":47,"column":36}},"24":{"start":{"line":47,"column":30},"end":{"line":47,"column":36}},"25":{"start":{"line":50,"column":4},"end":{"line":52,"column":5}},"26":{"start":{"line":51,"column":6},"end":{"line":51,"column":80}},"27":{"start":{"line":54,"column":28},"end":{"line":54,"column":62}},"28":{"start":{"line":55,"column":27},"end":{"line":55,"column":58}},"29":{"start":{"line":58,"column":4},"end":{"line":60,"column":5}},"30":{"start":{"line":59,"column":6},"end":{"line":59,"column":39}},"31":{"start":{"line":63,"column":4},"end":{"line":65,"column":5}},"32":{"start":{"line":64,"column":6},"end":{"line":64,"column":33}},"33":{"start":{"line":67,"column":4},"end":{"line":67,"column":54}},"34":{"start":{"line":70,"column":14},"end":{"line":70,"column":33}},"35":{"start":{"line":71,"column":4},"end":{"line":71,"column":46}},"36":{"start":{"line":72,"column":22},"end":{"line":72,"column":51}},"37":{"start":{"line":74,"column":4},"end":{"line":84,"column":7}},"38":{"start":{"line":87,"column":2},"end":{"line":87,"column":18}},"39":{"start":{"line":94,"column":2},"end":{"line":94,"column":78}},"40":{"start":{"line":101,"column":2},"end":{"line":101,"column":62}},"41":{"start":{"line":101,"column":39},"end":{"line":101,"column":57}},"42":{"start":{"line":108,"column":2},"end":{"line":108,"column":78}},"43":{"start":{"line":108,"column":39},"end":{"line":108,"column":73}},"44":{"start":{"line":115,"column":2},"end":{"line":115,"column":41}},"45":{"start":{"line":115,"column":29},"end":{"line":115,"column":41}},"46":{"start":{"line":116,"column":2},"end":{"line":116,"column":44}},"47":{"start":{"line":123,"column":2},"end":{"line":123,"column":73}},"48":{"start":{"line":130,"column":2},"end":{"line":130,"column":57}},"49":{"start":{"line":137,"column":27},"end":{"line":137,"column":58}},"50":{"start":{"line":138,"column":22},"end":{"line":138,"column":45}},"51":{"start":{"line":139,"column":25},"end":{"line":139,"column":48}},"52":{"start":{"line":140,"column":20},"end":{"line":140,"column":35}},"53":{"start":{"line":142,"column":2},"end":{"line":155,"column":4}},"54":{"start":{"line":150,"column":34},"end":{"line":150,"column":47}},"55":{"start":{"line":158,"column":0},"end":{"line":168,"column":2}}},"fnMap":{"0":{"name":"calcMonthlyPayment","decl":{"start":{"line":9,"column":9},"end":{"line":9,"column":27}},"loc":{"start":{"line":9,"column":59},"end":{"line":13,"column":1}},"line":9},"1":{"name":"calculateSchedule","decl":{"start":{"line":19,"column":9},"end":{"line":19,"column":26}},"loc":{"start":{"line":19,"column":87},"end":{"line":88,"column":1}},"line":19},"2":{"name":"(anonymous_2)","decl":{"start":{"line":21,"column":44},"end":{"line":21,"column":45}},"loc":{"start":{"line":21,"column":54},"end":{"line":21,"column":83}},"line":21},"3":{"name":"(anonymous_3)","decl":{"start":{"line":22,"column":58},"end":{"line":22,"column":59}},"loc":{"start":{"line":22,"column":68},"end":{"line":22,"column":85}},"line":22},"4":{"name":"(anonymous_4)","decl":{"start":{"line":43,"column":46},"end":{"line":43,"column":47}},"loc":{"start":{"line":43,"column":51},"end":{"line":43,"column":73}},"line":43},"5":{"name":"calculateScheduleNoPrepayments","decl":{"start":{"line":93,"column":9},"end":{"line":93,"column":39}},"loc":{"start":{"line":93,"column":87},"end":{"line":95,"column":1}},"line":93},"6":{"name":"totalInterest","decl":{"start":{"line":100,"column":9},"end":{"line":100,"column":22}},"loc":{"start":{"line":100,"column":33},"end":{"line":102,"column":1}},"line":100},"7":{"name":"(anonymous_7)","decl":{"start":{"line":101,"column":25},"end":{"line":101,"column":26}},"loc":{"start":{"line":101,"column":39},"end":{"line":101,"column":57}},"line":101},"8":{"name":"totalPaid","decl":{"start":{"line":107,"column":9},"end":{"line":107,"column":18}},"loc":{"start":{"line":107,"column":29},"end":{"line":109,"column":1}},"line":107},"9":{"name":"(anonymous_9)","decl":{"start":{"line":108,"column":25},"end":{"line":108,"column":26}},"loc":{"start":{"line":108,"column":39},"end":{"line":108,"column":73}},"line":108},"10":{"name":"payoffDate","decl":{"start":{"line":114,"column":9},"end":{"line":114,"column":19}},"loc":{"start":{"line":114,"column":30},"end":{"line":117,"column":1}},"line":114},"11":{"name":"interestSaved","decl":{"start":{"line":122,"column":9},"end":{"line":122,"column":22}},"loc":{"start":{"line":122,"column":57},"end":{"line":124,"column":1}},"line":122},"12":{"name":"monthsSaved","decl":{"start":{"line":129,"column":9},"end":{"line":129,"column":20}},"loc":{"start":{"line":129,"column":55},"end":{"line":131,"column":1}},"line":129},"13":{"name":"getSummary","decl":{"start":{"line":136,"column":9},"end":{"line":136,"column":19}},"loc":{"start":{"line":136,"column":48},"end":{"line":156,"column":1}},"line":136},"14":{"name":"(anonymous_14)","decl":{"start":{"line":150,"column":24},"end":{"line":150,"column":25}},"loc":{"start":{"line":150,"column":34},"end":{"line":150,"column":47}},"line":150}},"branchMap":{"0":{"loc":{"start":{"line":10,"column":2},"end":{"line":10,"column":50}},"type":"if","locations":[{"start":{"line":10,"column":2},"end":{"line":10,"column":50}},{"start":{},"end":{}}],"line":10},"1":{"loc":{"start":{"line":22,"column":33},"end":{"line":22,"column":50}},"type":"binary-expr","locations":[{"start":{"line":22,"column":33},"end":{"line":22,"column":44}},{"start":{"line":22,"column":48},"end":{"line":22,"column":50}}],"line":22},"2":{"loc":{"start":{"line":29,"column":9},"end":{"line":29,"column":54}},"type":"binary-expr","locations":[{"start":{"line":29,"column":9},"end":{"line":29,"column":23}},{"start":{"line":29,"column":27},"end":{"line":29,"column":54}}],"line":29},"3":{"loc":{"start":{"line":35,"column":6},"end":{"line":39,"column":7}},"type":"if","locations":[{"start":{"line":35,"column":6},"end":{"line":39,"column":7}},{"start":{},"end":{}}],"line":35},"4":{"loc":{"start":{"line":36,"column":8},"end":{"line":38,"column":9}},"type":"if","locations":[{"start":{"line":36,"column":8},"end":{"line":38,"column":9}},{"start":{},"end":{}}],"line":36},"5":{"loc":{"start":{"line":36,"column":12},"end":{"line":36,"column":55}},"type":"binary-expr","locations":[{"start":{"line":36,"column":12},"end":{"line":36,"column":25}},{"start":{"line":36,"column":29},"end":{"line":36,"column":55}}],"line":36},"6":{"loc":{"start":{"line":44,"column":25},"end":{"line":44,"column":59}},"type":"cond-expr","locations":[{"start":{"line":44,"column":38},"end":{"line":44,"column":55}},{"start":{"line":44,"column":58},"end":{"line":44,"column":59}}],"line":44},"7":{"loc":{"start":{"line":47,"column":4},"end":{"line":47,"column":36}},"type":"if","locations":[{"start":{"line":47,"column":4},"end":{"line":47,"column":36}},{"start":{},"end":{}}],"line":47},"8":{"loc":{"start":{"line":50,"column":4},"end":{"line":52,"column":5}},"type":"if","locations":[{"start":{"line":50,"column":4},"end":{"line":52,"column":5}},{"start":{},"end":{}}],"line":50},"9":{"loc":{"start":{"line":50,"column":8},"end":{"line":50,"column":44}},"type":"binary-expr","locations":[{"start":{"line":50,"column":8},"end":{"line":50,"column":18}},{"start":{"line":50,"column":22},"end":{"line":50,"column":44}}],"line":50},"10":{"loc":{"start":{"line":58,"column":4},"end":{"line":60,"column":5}},"type":"if","locations":[{"start":{"line":58,"column":4},"end":{"line":60,"column":5}},{"start":{},"end":{}}],"line":58},"11":{"loc":{"start":{"line":63,"column":4},"end":{"line":65,"column":5}},"type":"if","locations":[{"start":{"line":63,"column":4},"end":{"line":65,"column":5}},{"start":{},"end":{}}],"line":63},"12":{"loc":{"start":{"line":78,"column":37},"end":{"line":78,"column":66}},"type":"cond-expr","locations":[{"start":{"line":78,"column":50},"end":{"line":78,"column":62}},{"start":{"line":78,"column":65},"end":{"line":78,"column":66}}],"line":78},"13":{"loc":{"start":{"line":81,"column":18},"end":{"line":81,"column":35}},"type":"binary-expr","locations":[{"start":{"line":81,"column":18},"end":{"line":81,"column":30}},{"start":{"line":81,"column":34},"end":{"line":81,"column":35}}],"line":81},"14":{"loc":{"start":{"line":83,"column":12},"end":{"line":83,"column":53}},"type":"cond-expr","locations":[{"start":{"line":83,"column":26},"end":{"line":83,"column":47}},{"start":{"line":83,"column":51},"end":{"line":83,"column":53}}],"line":83},"15":{"loc":{"start":{"line":83,"column":26},"end":{"line":83,"column":47}},"type":"binary-expr","locations":[{"start":{"line":83,"column":26},"end":{"line":83,"column":41}},{"start":{"line":83,"column":45},"end":{"line":83,"column":47}}],"line":83},"16":{"loc":{"start":{"line":115,"column":2},"end":{"line":115,"column":41}},"type":"if","locations":[{"start":{"line":115,"column":2},"end":{"line":115,"column":41}},{"start":{},"end":{}}],"line":115},"17":{"loc":{"start":{"line":149,"column":23},"end":{"line":151,"column":9}},"type":"cond-expr","locations":[{"start":{"line":150,"column":8},"end":{"line":150,"column":69}},{"start":{"line":151,"column":8},"end":{"line":151,"column":9}}],"line":149},"18":{"loc":{"start":{"line":152,"column":16},"end":{"line":152,"column":61}},"type":"cond-expr","locations":[{"start":{"line":152,"column":38},"end":{"line":152,"column":57}},{"start":{"line":152,"column":60},"end":{"line":152,"column":61}}],"line":152}},"s":{"0":0,"1":0,"2":0,"3":0,"4":0,"5":0,"6":0,"7":0,"8":0,"9":0,"10":0,"11":0,"12":0,"13":0,"14":0,"15":0,"16":0,"17":0,"18":0,"19":0,"20":0,"21":0,"22":0,"23":0,"24":0,"25":0,"26":0,"27":0,"28":0,"29":0,"30":0,"31":0,"32":0,"33":0,"34":0,"35":0,"36":0,"37":0,"38":0,"39":0,"40":0,"41":0,"42":0,"43":0,"44":0,"45":0,"46":0,"47":0,"48":0,"49":0,"50":0,"51":0,"52":0,"53":0,"54":0,"55":0},"f":{"0":0,"1":0,"2":0,"3":0,"4":0,"5":0,"6":0,"7":0,"8":0,"9":0,"10":0,"11":0,"12":0,"13":0,"14":0},"b":{"0":[0,0],"1":[0,0],"2":[0,0],"3":[0,0],"4":[0,0],"5":[0,0],"6":[0,0],"7":[0,0],"8":[0,0],"9":[0,0],"10":[0,0],"11":[0,0],"12":[0,0],"13":[0,0],"14":[0,0],"15":[0,0],"16":[0,0],"17":[0,0],"18":[0,0]}}
}
