TN:
SF:backend/database.js
FN:14,migrate
FN:238,(anonymous_1)
FN:266,columnExists
FNF:3
FNH:0
FNDA:0,migrate
FNDA:0,(anonymous_1)
FNDA:0,columnExists
DA:1,0
DA:2,0
DA:4,0
DA:5,0
DA:8,0
DA:9,0
DA:12,0
DA:16,0
DA:25,0
DA:37,0
DA:40,0
DA:60,0
DA:61,0
DA:62,0
DA:65,0
DA:77,0
DA:80,0
DA:92,0
DA:95,0
DA:106,0
DA:117,0
DA:127,0
DA:137,0
DA:146,0
DA:158,0
DA:161,0
DA:162,0
DA:164,0
DA:165,0
DA:167,0
DA:168,0
DA:170,0
DA:171,0
DA:173,0
DA:174,0
DA:178,0
DA:179,0
DA:180,0
DA:185,0
DA:186,0
DA:190,0
DA:191,0
DA:192,0
DA:196,0
DA:197,0
DA:198,0
DA:201,0
DA:217,0
DA:221,0
DA:222,0
DA:224,0
DA:225,0
DA:226,0
DA:230,0
DA:231,0
DA:232,0
DA:235,0
DA:237,0
DA:238,0
DA:240,0
DA:258,0
DA:259,0
DA:260,0
DA:261,0
DA:267,0
DA:268,0
DA:269,0
DA:271,0
DA:275,0
LF:69
LH:0
BRDA:161,0,0,0
BRDA:161,0,1,0
BRDA:164,1,0,0
BRDA:164,1,1,0
BRDA:167,2,0,0
BRDA:167,2,1,0
BRDA:170,3,0,0
BRDA:170,3,1,0
BRDA:173,4,0,0
BRDA:173,4,1,0
BRDA:178,5,0,0
BRDA:178,5,1,0
BRDA:185,6,0,0
BRDA:185,6,1,0
BRDA:191,7,0,0
BRDA:191,7,1,0
BRDA:197,8,0,0
BRDA:197,8,1,0
BRDA:222,9,0,0
BRDA:222,9,1,0
BRDA:231,10,0,0
BRDA:231,10,1,0
BRDA:261,11,0,0
BRDA:261,11,1,0
BRF:24
BRH:0
end_of_record
TN:
SF:backend/models/loanCalculator.js
FN:9,calcMonthlyPayment
FN:19,calculateSchedule
FN:21,(anonymous_2)
FN:22,(anonymous_3)
FN:43,(anonymous_4)
FN:93,calculateScheduleNoPrepayments
FN:100,totalInterest
FN:101,(anonymous_7)
FN:107,totalPaid
FN:108,(anonymous_9)
FN:114,payoffDate
FN:122,interestSaved
FN:129,monthsSaved
FN:136,getSummary
FN:150,(anonymous_14)
FNF:15
FNH:13
FNDA:36,calcMonthlyPayment
FNDA:25,calculateSchedule
FNDA:8,(anonymous_2)
FNDA:0,(anonymous_3)
FNDA:137,(anonymous_4)
FNDA:0,calculateScheduleNoPrepayments
FNDA:10,totalInterest
FNDA:168,(anonymous_7)
FNDA:3,totalPaid
FNDA:52,(anonymous_9)
FNDA:4,payoffDate
FNDA:1,interestSaved
FNDA:1,monthsSaved
FNDA:2,getSummary
FNDA:32,(anonymous_14)
DA:10,36
DA:11,35
DA:12,35
DA:21,25
DA:22,25
DA:24,25
DA:25,25
DA:26,25
DA:27,25
DA:29,25
DA:30,575
DA:33,575
DA:34,575
DA:35,942
DA:36,798
DA:37,575
DA:43,575
DA:44,575
DA:46,575
DA:47,575
DA:50,571
DA:51,32
DA:54,571
DA:55,571
DA:58,571
DA:59,7
DA:63,571
DA:64,21
DA:67,571
DA:70,571
DA:71,571
DA:72,571
DA:74,571
DA:87,25
DA:94,0
DA:101,168
DA:108,52
DA:115,4
DA:116,3
DA:123,1
DA:130,1
DA:137,2
DA:138,2
DA:139,2
DA:140,2
DA:142,2
DA:150,32
DA:158,1
LF:48
LH:47
BRDA:10,0,0,1
BRDA:10,0,1,35
BRDA:22,1,0,25
BRDA:22,1,1,0
BRDA:29,2,0,596
BRDA:29,2,1,575
BRDA:35,3,0,798
BRDA:35,3,1,144
BRDA:36,4,0,575
BRDA:36,4,1,223
BRDA:36,5,0,798
BRDA:36,5,1,343
BRDA:44,6,0,7
BRDA:44,6,1,568
BRDA:47,7,0,4
BRDA:47,7,1,571
BRDA:50,8,0,32
BRDA:50,8,1,539
BRDA:50,9,0,571
BRDA:50,9,1,564
BRDA:58,10,0,7
BRDA:58,10,1,564
BRDA:63,11,0,21
BRDA:63,11,1,550
BRDA:78,12,0,7
BRDA:78,12,1,564
BRDA:81,13,0,571
BRDA:81,13,1,564
BRDA:83,14,0,7
BRDA:83,14,1,564
BRDA:83,15,0,7
BRDA:83,15,1,0
BRDA:115,16,0,1
BRDA:115,16,1,3
BRDA:149,17,0,2
BRDA:149,17,1,0
BRDA:152,18,0,2
BRDA:152,18,1,0
BRF:38
BRH:34
end_of_record
