TN:
SF:backend/database.js
FN:14,migrate
FN:256,(anonymous_1)
FN:284,columnExists
FNF:3
FNH:0
FNDA:0,migrate
FNDA:0,(anonymous_1)
FNDA:0,columnExists
DA:1,0
DA:2,0
DA:4,0
DA:5,0
DA:8,0
DA:9,0
DA:12,0
DA:16,0
DA:25,0
DA:37,0
DA:40,0
DA:60,0
DA:61,0
DA:62,0
DA:65,0
DA:77,0
DA:80,0
DA:92,0
DA:95,0
DA:106,0
DA:117,0
DA:127,0
DA:137,0
DA:146,0
DA:158,0
DA:160,0
DA:176,0
DA:179,0
DA:180,0
DA:182,0
DA:183,0
DA:185,0
DA:186,0
DA:188,0
DA:189,0
DA:191,0
DA:192,0
DA:196,0
DA:197,0
DA:198,0
DA:203,0
DA:204,0
DA:208,0
DA:209,0
DA:210,0
DA:214,0
DA:215,0
DA:216,0
DA:219,0
DA:235,0
DA:239,0
DA:240,0
DA:242,0
DA:243,0
DA:244,0
DA:248,0
DA:249,0
DA:250,0
DA:253,0
DA:255,0
DA:256,0
DA:258,0
DA:276,0
DA:277,0
DA:278,0
DA:279,0
DA:285,0
DA:286,0
DA:287,0
DA:289,0
DA:293,0
LF:71
LH:0
BRDA:179,0,0,0
BRDA:179,0,1,0
BRDA:182,1,0,0
BRDA:182,1,1,0
BRDA:185,2,0,0
BRDA:185,2,1,0
BRDA:188,3,0,0
BRDA:188,3,1,0
BRDA:191,4,0,0
BRDA:191,4,1,0
BRDA:196,5,0,0
BRDA:196,5,1,0
BRDA:203,6,0,0
BRDA:203,6,1,0
BRDA:209,7,0,0
BRDA:209,7,1,0
BRDA:215,8,0,0
BRDA:215,8,1,0
BRDA:240,9,0,0
BRDA:240,9,1,0
BRDA:249,10,0,0
BRDA:249,10,1,0
BRDA:279,11,0,0
BRDA:279,11,1,0
BRF:24
BRH:0
end_of_record
TN:
SF:backend/models/loanCalculator.js
FN:9,calcMonthlyPayment
FN:19,calculateSchedule
FN:21,(anonymous_2)
FN:22,(anonymous_3)
FN:43,(anonymous_4)
FN:93,calculateScheduleNoPrepayments
FN:100,totalInterest
FN:101,(anonymous_7)
FN:107,totalPaid
FN:108,(anonymous_9)
FN:114,payoffDate
FN:122,interestSaved
FN:129,monthsSaved
FN:136,getSummary
FN:150,(anonymous_14)
FNF:15
FNH:0
FNDA:0,calcMonthlyPayment
FNDA:0,calculateSchedule
FNDA:0,(anonymous_2)
FNDA:0,(anonymous_3)
FNDA:0,(anonymous_4)
FNDA:0,calculateScheduleNoPrepayments
FNDA:0,totalInterest
FNDA:0,(anonymous_7)
FNDA:0,totalPaid
FNDA:0,(anonymous_9)
FNDA:0,payoffDate
FNDA:0,interestSaved
FNDA:0,monthsSaved
FNDA:0,getSummary
FNDA:0,(anonymous_14)
DA:10,0
DA:11,0
DA:12,0
DA:21,0
DA:22,0
DA:24,0
DA:25,0
DA:26,0
DA:27,0
DA:29,0
DA:30,0
DA:33,0
DA:34,0
DA:35,0
DA:36,0
DA:37,0
DA:43,0
DA:44,0
DA:46,0
DA:47,0
DA:50,0
DA:51,0
DA:54,0
DA:55,0
DA:58,0
DA:59,0
DA:63,0
DA:64,0
DA:67,0
DA:70,0
DA:71,0
DA:72,0
DA:74,0
DA:87,0
DA:94,0
DA:101,0
DA:108,0
DA:115,0
DA:116,0
DA:123,0
DA:130,0
DA:137,0
DA:138,0
DA:139,0
DA:140,0
DA:142,0
DA:150,0
DA:158,0
LF:48
LH:0
BRDA:10,0,0,0
BRDA:10,0,1,0
BRDA:22,1,0,0
BRDA:22,1,1,0
BRDA:29,2,0,0
BRDA:29,2,1,0
BRDA:35,3,0,0
BRDA:35,3,1,0
BRDA:36,4,0,0
BRDA:36,4,1,0
BRDA:36,5,0,0
BRDA:36,5,1,0
BRDA:44,6,0,0
BRDA:44,6,1,0
BRDA:47,7,0,0
BRDA:47,7,1,0
BRDA:50,8,0,0
BRDA:50,8,1,0
BRDA:50,9,0,0
BRDA:50,9,1,0
BRDA:58,10,0,0
BRDA:58,10,1,0
BRDA:63,11,0,0
BRDA:63,11,1,0
BRDA:78,12,0,0
BRDA:78,12,1,0
BRDA:81,13,0,0
BRDA:81,13,1,0
BRDA:83,14,0,0
BRDA:83,14,1,0
BRDA:83,15,0,0
BRDA:83,15,1,0
BRDA:115,16,0,0
BRDA:115,16,1,0
BRDA:149,17,0,0
BRDA:149,17,1,0
BRDA:152,18,0,0
BRDA:152,18,1,0
BRF:38
BRH:0
end_of_record
